<?xml version="1.0" encoding="UTF-8"?>
<!-- Generated by org.testng.reporters.JUnitReportReporter -->
<testsuite hostname="DESKTOP-0OH831K" failures="0" tests="4" name="magentoWebSiteWomen.MyTestWomen" time="14.150" errors="0" timestamp="2024-08-13T11:29:11 EET" skipped="3">
  <testcase classname="magentoWebSiteWomen.MyTestWomen" name="AddWomenItem" time="14.150"/>
  <system-out/>
  <testcase classname="magentoWebSiteWomen.MyTestWomen" name="createAnAccount">
    <skipped/>
  </testcase> <!-- createAnAccount -->
  <system-out/>
  <testcase classname="magentoWebSiteWomen.MyTestWomen" name="logIn">
    <skipped/>
  </testcase> <!-- logIn -->
  <system-out/>
  <testcase classname="magentoWebSiteWomen.MyTestWomen" name="LogOut">
    <skipped/>
  </testcase> <!-- LogOut -->
  <system-out/>
</testsuite> <!-- magentoWebSiteWomen.MyTestWomen -->
